# Derivatives solution step at time 0 performed in 0 iterations with 0 error
# Key for lines starting with "Step":
# Step Time TStep NIter ResErr SolErr SolConv Out
Step 0 0 0 0 0 0 0 1
Step 1 0.0001 0.0001 5 9.44113e-06 0 0 1
Step 2 0.0002 0.0001 5 3.99215e-05 0 0 1
Step 3 0.0003 0.0001 6 2.28414e-05 0 0 1
Step 4 0.0004 0.0001 5 3.44725e-06 0 0 1
Step 5 0.0005 0.0001 4 7.98155e-06 0 0 1
Step 6 0.0006 0.0001 3 9.99101e-05 0 0 1
Step 7 0.0007 0.0001 3 1.22796e-06 0 0 1
Step 8 0.0008 0.0001 3 3.37879e-08 0 0 1
Step 9 0.0009 0.0001 2 2.21582e-05 0 0 1
Step 10 0.001 0.0001 2 5.8548e-07 0 0 1
Step 11 0.0011 0.0001 2 1.22634e-08 0 0 1
Step 12 0.0012 0.0001 2 7.90632e-09 0 0 1
Step 13 0.0013 0.0001 2 3.94999e-08 0 0 1
Step 14 0.0014 0.0001 2 1.95218e-08 0 0 1
Step 15 0.0015 0.0001 2 1.31539e-08 0 0 1
Step 16 0.0016 0.0001 2 2.66878e-08 0 0 1
Step 17 0.0017 0.0001 2 1.57558e-08 0 0 1
Step 18 0.0018 0.0001 2 4.9026e-09 0 0 1
Step 19 0.0019 0.0001 2 3.37563e-08 0 0 1
Step 20 0.002 0.0001 2 2.50657e-08 0 0 1
Step 21 0.0021 0.0001 2 6.34441e-09 0 0 1
Step 22 0.0022 0.0001 2 4.33934e-09 0 0 1
Step 23 0.0023 0.0001 2 2.3898e-08 0 0 1
Step 24 0.0024 0.0001 2 4.5496e-09 0 0 1
Step 25 0.0025 0.0001 2 9.56985e-09 0 0 1
Step 26 0.0026 0.0001 2 9.26186e-09 0 0 1
Step 27 0.0027 0.0001 2 4.39234e-08 0 0 1
Step 28 0.0028 0.0001 2 1.96478e-08 0 0 1
Step 29 0.0029 0.0001 2 2.80301e-08 0 0 1
Step 30 0.003 0.0001 2 4.43884e-09 0 0 1
Step 31 0.0031 0.0001 2 1.58215e-08 0 0 1
Step 32 0.0032 0.0001 2 5.43731e-09 0 0 1
Step 33 0.0033 0.0001 2 2.1844e-08 0 0 1
Step 34 0.0034 0.0001 2 2.01654e-08 0 0 1
Step 35 0.0035 0.0001 2 2.46159e-08 0 0 1
Step 36 0.0036 0.0001 2 2.3576e-08 0 0 1
Step 37 0.0037 0.0001 2 1.4165e-08 0 0 1
Step 38 0.0038 0.0001 2 4.05386e-08 0 0 1
Step 39 0.0039 0.0001 2 4.14558e-09 0 0 1
Step 40 0.004 0.0001 2 3.02565e-08 0 0 1
Step 41 0.0041 0.0001 2 2.09066e-08 0 0 1
Step 42 0.0042 0.0001 2 9.32888e-09 0 0 1
Step 43 0.0043 0.0001 2 1.98736e-08 0 0 1
Step 44 0.0044 0.0001 2 2.91572e-08 0 0 1
Step 45 0.0045 0.0001 2 2.54117e-08 0 0 1
Step 46 0.0046 0.0001 2 1.44683e-08 0 0 1
Step 47 0.0047 0.0001 2 2.66277e-08 0 0 1
Step 48 0.0048 0.0001 2 1.37263e-08 0 0 1
Step 49 0.0049 0.0001 2 2.61144e-08 0 0 1
Step 50 0.005 0.0001 2 2.68711e-08 0 0 1
Step 51 0.0051 0.0001 2 2.58813e-08 0 0 1
Step 52 0.0052 0.0001 2 1.141e-08 0 0 1
Step 53 0.0053 0.0001 2 5.90563e-09 0 0 1
Step 54 0.0054 0.0001 2 2.2123e-08 0 0 1
Step 55 0.0055 0.0001 2 4.64705e-08 0 0 1
Step 56 0.0056 0.0001 2 1.92322e-08 0 0 1
Step 57 0.0057 0.0001 2 3.00932e-08 0 0 1
Step 58 0.0058 0.0001 2 2.0511e-08 0 0 1
Step 59 0.0059 0.0001 2 2.07829e-08 0 0 1
Step 60 0.006 0.0001 2 1.66296e-08 0 0 1
Step 61 0.0061 0.0001 2 6.5971e-09 0 0 1
Step 62 0.0062 0.0001 2 3.04352e-08 0 0 1
Step 63 0.0063 0.0001 2 3.55291e-08 0 0 1
Step 64 0.0064 0.0001 2 1.03071e-08 0 0 1
Step 65 0.0065 0.0001 2 2.56713e-08 0 0 1
Step 66 0.0066 0.0001 2 1.88605e-08 0 0 1
Step 67 0.0067 0.0001 2 5.72328e-08 0 0 1
Step 68 0.0068 0.0001 2 5.035e-08 0 0 1
Step 69 0.0069 0.0001 2 8.14354e-09 0 0 1
Step 70 0.007 0.0001 2 1.18978e-08 0 0 1
Step 71 0.0071 0.0001 2 2.87711e-08 0 0 1
Step 72 0.0072 0.0001 2 2.23389e-08 0 0 1
Step 73 0.0073 0.0001 2 2.24899e-08 0 0 1
Step 74 0.0074 0.0001 2 2.25288e-08 0 0 1
Step 75 0.0075 0.0001 2 2.59193e-08 0 0 1
Step 76 0.0076 0.0001 2 7.9351e-08 0 0 1
Step 77 0.0077 0.0001 2 4.2602e-08 0 0 1
Step 78 0.0078 0.0001 2 6.21786e-08 0 0 1
Step 79 0.0079 0.0001 2 3.13038e-08 0 0 1
Step 80 0.008 0.0001 2 4.62308e-08 0 0 1
Step 81 0.0081 0.0001 2 3.18648e-08 0 0 1
Step 82 0.0082 0.0001 2 4.26701e-08 0 0 1
Step 83 0.0083 0.0001 2 9.76194e-09 0 0 1
Step 84 0.0084 0.0001 2 4.74075e-08 0 0 1
Step 85 0.0085 0.0001 2 3.76404e-08 0 0 1
Step 86 0.0086 0.0001 2 2.26299e-08 0 0 1
Step 87 0.0087 0.0001 2 6.86509e-08 0 0 1
Step 88 0.0088 0.0001 2 1.87211e-08 0 0 1
Step 89 0.0089 0.0001 2 5.40572e-08 0 0 1
Step 90 0.009 0.0001 2 3.48712e-08 0 0 1
Step 91 0.0091 0.0001 2 2.1686e-08 0 0 1
Step 92 0.0092 0.0001 2 5.54354e-08 0 0 1
Step 93 0.0093 0.0001 2 1.61602e-08 0 0 1
Step 94 0.0094 0.0001 2 2.75091e-08 0 0 1
Step 95 0.0095 0.0001 2 6.48622e-08 0 0 1
Step 96 0.0096 0.0001 2 4.39005e-08 0 0 1
Step 97 0.0097 0.0001 2 5.92824e-08 0 0 1
Step 98 0.0098 0.0001 2 1.47246e-08 0 0 1
Step 99 0.0099 0.0001 2 1.68134e-08 0 0 1
Step 100 0.01 0.0001 2 2.85377e-08 0 0 1
Step 101 0.0101 0.0001 2 4.09159e-08 0 0 1
Step 102 0.0102 0.0001 2 3.95579e-08 0 0 1
Step 103 0.0103 0.0001 2 4.9864e-08 0 0 1
Step 104 0.0104 0.0001 2 2.40022e-08 0 0 1
Step 105 0.0105 0.0001 2 1.57638e-08 0 0 1
Step 106 0.0106 0.0001 2 2.04433e-08 0 0 1
Step 107 0.0107 0.0001 2 1.65853e-08 0 0 1
Step 108 0.0108 0.0001 2 2.76031e-08 0 0 1
Step 109 0.0109 0.0001 2 3.82982e-08 0 0 1
Step 110 0.011 0.0001 2 1.03536e-08 0 0 1
Step 111 0.0111 0.0001 2 4.24482e-08 0 0 1
Step 112 0.0112 0.0001 2 1.77414e-08 0 0 1
Step 113 0.0113 0.0001 2 5.34702e-08 0 0 1
Step 114 0.0114 0.0001 2 9.3018e-09 0 0 1
Step 115 0.0115 0.0001 2 3.48945e-08 0 0 1
Step 116 0.0116 0.0001 2 2.70356e-09 0 0 1
Step 117 0.0117 0.0001 2 1.3686e-08 0 0 1
Step 118 0.0118 0.0001 2 1.93017e-08 0 0 1
Step 119 0.0119 0.0001 2 1.82303e-08 0 0 1
Step 120 0.012 0.0001 2 2.00213e-08 0 0 1
Step 121 0.0121 0.0001 2 1.1843e-08 0 0 1
Step 122 0.0122 0.0001 2 3.54026e-08 0 0 1
Step 123 0.0123 0.0001 2 3.24441e-08 0 0 1
Step 124 0.0124 0.0001 2 2.93895e-08 0 0 1
Step 125 0.0125 0.0001 2 3.86134e-09 0 0 1
Step 126 0.0126 0.0001 2 2.31282e-08 0 0 1
Step 127 0.0127 0.0001 2 3.50672e-08 0 0 1
Step 128 0.0128 0.0001 2 3.38475e-08 0 0 1
Step 129 0.0129 0.0001 2 1.13088e-08 0 0 1
Step 130 0.013 0.0001 2 2.22699e-08 0 0 1
Step 131 0.0131 0.0001 2 2.2808e-08 0 0 1
Step 132 0.0132 0.0001 2 9.51689e-09 0 0 1
Step 133 0.0133 0.0001 2 1.46085e-08 0 0 1
Step 134 0.0134 0.0001 2 1.70105e-08 0 0 1
Step 135 0.0135 0.0001 2 3.75827e-08 0 0 1
Step 136 0.0136 0.0001 2 2.6059e-08 0 0 1
Step 137 0.0137 0.0001 2 7.99069e-09 0 0 1
Step 138 0.0138 0.0001 2 3.74677e-08 0 0 1
Step 139 0.0139 0.0001 2 1.04591e-08 0 0 1
Step 140 0.014 0.0001 2 2.67926e-08 0 0 1
Step 141 0.0141 0.0001 2 8.07678e-09 0 0 1
Step 142 0.0142 0.0001 2 6.96623e-09 0 0 1
Step 143 0.0143 0.0001 2 2.18893e-08 0 0 1
Step 144 0.0144 0.0001 2 1.43758e-08 0 0 1
Step 145 0.0145 0.0001 2 2.5251e-08 0 0 1
Step 146 0.0146 0.0001 2 2.11344e-08 0 0 1
Step 147 0.0147 0.0001 2 2.41981e-08 0 0 1
Step 148 0.0148 0.0001 2 4.81057e-08 0 0 1
Step 149 0.0149 0.0001 2 3.73904e-08 0 0 1
Step 150 0.015 0.0001 2 6.74516e-09 0 0 1
Step 151 0.0151 0.0001 2 2.18286e-08 0 0 1
Step 152 0.0152 0.0001 2 3.89637e-09 0 0 1
Step 153 0.0153 0.0001 2 4.22415e-08 0 0 1
Step 154 0.0154 0.0001 2 1.16692e-08 0 0 1
Step 155 0.0155 0.0001 2 2.34478e-08 0 0 1
Step 156 0.0156 0.0001 2 2.04562e-08 0 0 1
Step 157 0.0157 0.0001 2 3.49481e-08 0 0 1
Step 158 0.0158 0.0001 2 2.51181e-08 0 0 1
Step 159 0.0159 0.0001 2 4.53965e-08 0 0 1
Step 160 0.016 0.0001 2 1.04301e-08 0 0 1
Step 161 0.0161 0.0001 2 2.25593e-08 0 0 1
Step 162 0.0162 0.0001 2 1.37508e-08 0 0 1
Step 163 0.0163 0.0001 2 1.19104e-08 0 0 1
Step 164 0.0164 0.0001 2 3.16257e-08 0 0 1
Step 165 0.0165 0.0001 2 2.71353e-08 0 0 1
Step 166 0.0166 0.0001 2 1.87754e-08 0 0 1
Step 167 0.0167 0.0001 2 1.70788e-08 0 0 1
Step 168 0.0168 0.0001 2 3.63472e-08 0 0 1
Step 169 0.0169 0.0001 2 5.94303e-09 0 0 1
Step 170 0.017 0.0001 2 4.44228e-08 0 0 1
Step 171 0.0171 0.0001 2 1.44888e-08 0 0 1
Step 172 0.0172 0.0001 2 1.04474e-08 0 0 1
Step 173 0.0173 0.0001 2 2.3581e-08 0 0 1
Step 174 0.0174 0.0001 2 1.84658e-08 0 0 1
Step 175 0.0175 0.0001 2 2.82999e-08 0 0 1
Step 176 0.0176 0.0001 2 2.99385e-08 0 0 1
Step 177 0.0177 0.0001 2 2.21977e-08 0 0 1
Step 178 0.0178 0.0001 2 4.76071e-08 0 0 1
Step 179 0.0179 0.0001 2 1.06771e-08 0 0 1
Step 180 0.018 0.0001 2 2.48966e-08 0 0 1
Step 181 0.0181 0.0001 2 2.87708e-08 0 0 1
Step 182 0.0182 0.0001 2 1.72718e-08 0 0 1
Step 183 0.0183 0.0001 2 6.31225e-08 0 0 1
Step 184 0.0184 0.0001 2 2.21509e-08 0 0 1
Step 185 0.0185 0.0001 2 2.80752e-08 0 0 1
Step 186 0.0186 0.0001 2 9.12851e-09 0 0 1
Step 187 0.0187 0.0001 2 2.26876e-08 0 0 1
Step 188 0.0188 0.0001 2 4.46194e-08 0 0 1
Step 189 0.0189 0.0001 2 1.10417e-08 0 0 1
Step 190 0.019 0.0001 2 3.3365e-08 0 0 1
Step 191 0.0191 0.0001 2 3.29467e-08 0 0 1
Step 192 0.0192 0.0001 2 9.38837e-09 0 0 1
Step 193 0.0193 0.0001 2 3.55342e-08 0 0 1
Step 194 0.0194 0.0001 2 2.57545e-08 0 0 1
Step 195 0.0195 0.0001 2 1.52583e-08 0 0 1
Step 196 0.0196 0.0001 2 1.30929e-08 0 0 1
Step 197 0.0197 0.0001 2 4.20032e-08 0 0 1
Step 198 0.0198 0.0001 2 2.4961e-08 0 0 1
Step 199 0.0199 0.0001 2 1.17219e-08 0 0 1
Step 200 0.02 0.0001 2 1.23936e-08 0 0 1
Step 201 0.0201 0.0001 2 3.31427e-08 0 0 1
Step 202 0.0202 0.0001 2 5.07771e-08 0 0 1
Step 203 0.0203 0.0001 2 9.29329e-09 0 0 1
Step 204 0.0204 0.0001 2 4.8774e-08 0 0 1
Step 205 0.0205 0.0001 2 5.50861e-08 0 0 1
Step 206 0.0206 0.0001 2 4.23454e-08 0 0 1
Step 207 0.0207 0.0001 2 3.70458e-08 0 0 1
Step 208 0.0208 0.0001 2 1.31971e-08 0 0 1
Step 209 0.0209 0.0001 2 3.26434e-08 0 0 1
Step 210 0.021 0.0001 2 1.38293e-08 0 0 1
Step 211 0.0211 0.0001 2 2.65982e-08 0 0 1
Step 212 0.0212 0.0001 2 1.76467e-08 0 0 1
Step 213 0.0213 0.0001 2 8.85768e-09 0 0 1
Step 214 0.0214 0.0001 2 1.1316e-08 0 0 1
Step 215 0.0215 0.0001 2 2.2111e-08 0 0 1
Step 216 0.0216 0.0001 2 8.48028e-09 0 0 1
Step 217 0.0217 0.0001 2 2.51449e-08 0 0 1
Step 218 0.0218 0.0001 2 4.77178e-08 0 0 1
Step 219 0.0219 0.0001 2 5.59243e-08 0 0 1
Step 220 0.022 0.0001 2 2.20779e-08 0 0 1
Step 221 0.0221 0.0001 2 1.18635e-08 0 0 1
Step 222 0.0222 0.0001 2 3.4415e-08 0 0 1
Step 223 0.0223 0.0001 2 3.91519e-08 0 0 1
Step 224 0.0224 0.0001 2 1.88853e-08 0 0 1
Step 225 0.0225 0.0001 2 4.83601e-08 0 0 1
Step 226 0.0226 0.0001 2 4.77801e-08 0 0 1
Step 227 0.0227 0.0001 2 1.01924e-08 0 0 1
Step 228 0.0228 0.0001 2 2.13429e-08 0 0 1
Step 229 0.0229 0.0001 2 1.17475e-08 0 0 1
Step 230 0.023 0.0001 2 3.13031e-08 0 0 1
Step 231 0.0231 0.0001 2 3.87454e-08 0 0 1
Step 232 0.0232 0.0001 2 5.88254e-08 0 0 1
Step 233 0.0233 0.0001 2 3.10623e-09 0 0 1
Step 234 0.0234 0.0001 2 2.77704e-08 0 0 1
Step 235 0.0235 0.0001 2 2.03913e-08 0 0 1
Step 236 0.0236 0.0001 2 1.92365e-08 0 0 1
Step 237 0.0237 0.0001 2 7.05157e-09 0 0 1
Step 238 0.0238 0.0001 2 1.73795e-08 0 0 1
Step 239 0.0239 0.0001 2 4.87504e-08 0 0 1
Step 240 0.024 0.0001 2 4.70452e-08 0 0 1
Step 241 0.0241 0.0001 2 1.74623e-09 0 0 1
Step 242 0.0242 0.0001 2 4.33931e-08 0 0 1
Step 243 0.0243 0.0001 2 4.67974e-08 0 0 1
Step 244 0.0244 0.0001 2 4.39342e-08 0 0 1
Step 245 0.0245 0.0001 2 8.23096e-08 0 0 1
Step 246 0.0246 0.0001 2 2.2535e-08 0 0 1
Step 247 0.0247 0.0001 2 2.28521e-08 0 0 1
Step 248 0.0248 0.0001 2 3.61279e-08 0 0 1
Step 249 0.0249 0.0001 2 3.2742e-09 0 0 1
Step 250 0.025 0.0001 2 3.69321e-08 0 0 1
Step 251 0.0251 0.0001 2 2.73953e-08 0 0 1
Step 252 0.0252 0.0001 2 7.16268e-09 0 0 1
Step 253 0.0253 0.0001 2 7.79622e-09 0 0 1
Step 254 0.0254 0.0001 2 5.50723e-08 0 0 1
Step 255 0.0255 0.0001 2 1.7266e-08 0 0 1
Step 256 0.0256 0.0001 2 4.54876e-08 0 0 1
Step 257 0.0257 0.0001 2 4.70795e-08 0 0 1
Step 258 0.0258 0.0001 2 1.28762e-08 0 0 1
Step 259 0.0259 0.0001 2 9.21362e-09 0 0 1
Step 260 0.026 0.0001 2 6.5612e-08 0 0 1
Step 261 0.0261 0.0001 2 2.58712e-08 0 0 1
Step 262 0.0262 0.0001 2 1.79872e-08 0 0 1
Step 263 0.0263 0.0001 2 3.99268e-08 0 0 1
Step 264 0.0264 0.0001 2 2.40558e-08 0 0 1
Step 265 0.0265 0.0001 2 4.70917e-08 0 0 1
Step 266 0.0266 0.0001 2 5.12252e-08 0 0 1
Step 267 0.0267 0.0001 2 2.07732e-08 0 0 1
Step 268 0.0268 0.0001 2 1.18882e-08 0 0 1
Step 269 0.0269 0.0001 2 5.09311e-08 0 0 1
Step 270 0.027 0.0001 2 1.54654e-08 0 0 1
Step 271 0.0271 0.0001 2 2.3167e-08 0 0 1
Step 272 0.0272 0.0001 2 2.2429e-08 0 0 1
Step 273 0.0273 0.0001 2 2.08192e-08 0 0 1
Step 274 0.0274 0.0001 2 4.95352e-08 0 0 1
Step 275 0.0275 0.0001 2 4.21332e-08 0 0 1
Step 276 0.0276 0.0001 2 1.06141e-08 0 0 1
Step 277 0.0277 0.0001 2 8.41302e-09 0 0 1
Step 278 0.0278 0.0001 2 1.75671e-08 0 0 1
Step 279 0.0279 0.0001 2 1.94459e-08 0 0 1
Step 280 0.028 0.0001 2 1.58431e-08 0 0 1
Step 281 0.0281 0.0001 2 1.71645e-08 0 0 1
Step 282 0.0282 0.0001 2 1.80425e-08 0 0 1
Step 283 0.0283 0.0001 2 1.9302e-08 0 0 1
Step 284 0.0284 0.0001 2 2.36013e-08 0 0 1
Step 285 0.0285 0.0001 2 4.36528e-08 0 0 1
Step 286 0.0286 0.0001 2 2.40386e-08 0 0 1
Step 287 0.0287 0.0001 2 4.02564e-08 0 0 1
Step 288 0.0288 0.0001 2 2.19743e-08 0 0 1
Step 289 0.0289 0.0001 2 1.07627e-08 0 0 1
Step 290 0.029 0.0001 2 6.5547e-09 0 0 1
Step 291 0.0291 0.0001 2 1.64682e-08 0 0 1
Step 292 0.0292 0.0001 2 3.87697e-08 0 0 1
Step 293 0.0293 0.0001 2 2.89098e-08 0 0 1
Step 294 0.0294 0.0001 2 4.98203e-08 0 0 1
Step 295 0.0295 0.0001 2 1.43236e-08 0 0 1
Step 296 0.0296 0.0001 2 1.57731e-08 0 0 1
Step 297 0.0297 0.0001 2 2.53742e-08 0 0 1
Step 298 0.0298 0.0001 2 2.29606e-08 0 0 1
Step 299 0.0299 0.0001 2 2.02569e-08 0 0 1
Step 300 0.03 0.0001 2 1.42277e-08 0 0 1
Step 301 0.0301 0.0001 2 5.38166e-09 0 0 1
Step 302 0.0302 0.0001 2 1.57946e-08 0 0 1
Step 303 0.0303 0.0001 2 1.93361e-08 0 0 1
Step 304 0.0304 0.0001 2 1.49607e-08 0 0 1
Step 305 0.0305 0.0001 2 1.24296e-08 0 0 1
Step 306 0.0306 0.0001 2 1.00265e-08 0 0 1
Step 307 0.0307 0.0001 2 5.70028e-09 0 0 1
Step 308 0.0308 0.0001 2 7.78569e-09 0 0 1
Step 309 0.0309 0.0001 2 2.2032e-08 0 0 1
Step 310 0.031 0.0001 2 3.30938e-08 0 0 1
Step 311 0.0311 0.0001 2 2.59544e-08 0 0 1
Step 312 0.0312 0.0001 2 1.50704e-08 0 0 1
Step 313 0.0313 0.0001 2 3.71191e-08 0 0 1
Step 314 0.0314 0.0001 2 3.85425e-08 0 0 1
Step 315 0.0315 0.0001 2 1.27143e-08 0 0 1
Step 316 0.0316 0.0001 2 8.43118e-09 0 0 1
Step 317 0.0317 0.0001 2 7.21005e-09 0 0 1
Step 318 0.0318 0.0001 2 3.64865e-08 0 0 1
Step 319 0.0319 0.0001 2 1.1076e-08 0 0 1
Step 320 0.032 0.0001 2 3.56025e-08 0 0 1
Step 321 0.0321 0.0001 2 4.85405e-08 0 0 1
Step 322 0.0322 0.0001 2 4.34768e-08 0 0 1
Step 323 0.0323 0.0001 2 5.06799e-08 0 0 1
Step 324 0.0324 0.0001 2 2.52454e-08 0 0 1
Step 325 0.0325 0.0001 2 1.86408e-08 0 0 1
Step 326 0.0326 0.0001 2 4.00364e-08 0 0 1
Step 327 0.0327 0.0001 2 2.01784e-08 0 0 1
Step 328 0.0328 0.0001 2 3.49849e-08 0 0 1
Step 329 0.0329 0.0001 2 9.48286e-09 0 0 1
Step 330 0.033 0.0001 2 2.08787e-09 0 0 1
Step 331 0.0331 0.0001 2 5.31771e-08 0 0 1
Step 332 0.0332 0.0001 2 3.69399e-08 0 0 1
Step 333 0.0333 0.0001 2 2.58716e-08 0 0 1
Step 334 0.0334 0.0001 2 3.2068e-08 0 0 1
Step 335 0.0335 0.0001 2 2.37431e-08 0 0 1
Step 336 0.0336 0.0001 2 1.58084e-08 0 0 1
Step 337 0.0337 0.0001 2 2.05122e-08 0 0 1
Step 338 0.0338 0.0001 2 9.86849e-09 0 0 1
Step 339 0.0339 0.0001 2 3.27663e-08 0 0 1
Step 340 0.034 0.0001 2 3.22136e-08 0 0 1
Step 341 0.0341 0.0001 2 9.2966e-09 0 0 1
Step 342 0.0342 0.0001 2 2.88206e-08 0 0 1
Step 343 0.0343 0.0001 2 3.20313e-08 0 0 1
Step 344 0.0344 0.0001 2 1.20316e-08 0 0 1
Step 345 0.0345 0.0001 2 2.99337e-08 0 0 1
Step 346 0.0346 0.0001 2 8.79362e-09 0 0 1
Step 347 0.0347 0.0001 2 1.49783e-08 0 0 1
Step 348 0.0348 0.0001 2 1.67728e-08 0 0 1
Step 349 0.0349 0.0001 2 4.18852e-08 0 0 1
Step 350 0.035 0.0001 2 5.1387e-08 0 0 1
Step 351 0.0351 0.0001 2 2.09076e-08 0 0 1
Step 352 0.0352 0.0001 2 2.68327e-08 0 0 1
Step 353 0.0353 0.0001 2 1.36045e-08 0 0 1
Step 354 0.0354 0.0001 2 5.10157e-08 0 0 1
Step 355 0.0355 0.0001 2 1.82421e-08 0 0 1
Step 356 0.0356 0.0001 2 1.0493e-08 0 0 1
Step 357 0.0357 0.0001 2 2.36868e-08 0 0 1
Step 358 0.0358 0.0001 2 1.53679e-08 0 0 1
Step 359 0.0359 0.0001 2 1.60107e-08 0 0 1
Step 360 0.036 0.0001 2 2.90048e-08 0 0 1
Step 361 0.0361 0.0001 2 1.78766e-08 0 0 1
Step 362 0.0362 0.0001 2 1.26643e-08 0 0 1
Step 363 0.0363 0.0001 2 2.88613e-08 0 0 1
Step 364 0.0364 0.0001 2 1.8617e-08 0 0 1
Step 365 0.0365 0.0001 2 1.41877e-08 0 0 1
Step 366 0.0366 0.0001 2 5.88516e-08 0 0 1
Step 367 0.0367 0.0001 2 1.20087e-08 0 0 1
Step 368 0.0368 0.0001 2 1.98799e-08 0 0 1
Step 369 0.0369 0.0001 2 3.62349e-08 0 0 1
Step 370 0.037 0.0001 2 1.23721e-08 0 0 1
Step 371 0.0371 0.0001 2 2.67037e-08 0 0 1
Step 372 0.0372 0.0001 2 2.80105e-08 0 0 1
Step 373 0.0373 0.0001 2 2.68552e-08 0 0 1
Step 374 0.0374 0.0001 2 1.32579e-08 0 0 1
Step 375 0.0375 0.0001 2 2.8094e-08 0 0 1
Step 376 0.0376 0.0001 2 2.0295e-08 0 0 1
Step 377 0.0377 0.0001 2 2.14801e-08 0 0 1
Step 378 0.0378 0.0001 2 1.58398e-09 0 0 1
Step 379 0.0379 0.0001 2 2.89478e-08 0 0 1
Step 380 0.038 0.0001 2 1.99999e-08 0 0 1
Step 381 0.0381 0.0001 2 2.98618e-08 0 0 1
Step 382 0.0382 0.0001 2 1.96716e-08 0 0 1
Step 383 0.0383 0.0001 2 1.32311e-08 0 0 1
Step 384 0.0384 0.0001 2 1.9244e-08 0 0 1
Step 385 0.0385 0.0001 2 4.87138e-08 0 0 1
Step 386 0.0386 0.0001 2 1.27894e-08 0 0 1
Step 387 0.0387 0.0001 2 2.76992e-08 0 0 1
Step 388 0.0388 0.0001 2 3.69442e-08 0 0 1
Step 389 0.0389 0.0001 2 2.96488e-08 0 0 1
Step 390 0.039 0.0001 2 2.91686e-08 0 0 1
Step 391 0.0391 0.0001 2 9.47145e-09 0 0 1
Step 392 0.0392 0.0001 2 3.12135e-08 0 0 1
Step 393 0.0393 0.0001 2 3.28813e-08 0 0 1
Step 394 0.0394 0.0001 2 3.07959e-08 0 0 1
Step 395 0.0395 0.0001 2 5.29662e-09 0 0 1
Step 396 0.0396 0.0001 2 6.65554e-08 0 0 1
Step 397 0.0397 0.0001 2 2.10563e-08 0 0 1
Step 398 0.0398 0.0001 2 3.45109e-08 0 0 1
Step 399 0.0399 0.0001 2 1.61899e-08 0 0 1
Step 400 0.04 0.0001 2 3.65419e-08 0 0 1
Step 401 0.0401 0.0001 2 4.16031e-08 0 0 1
Step 402 0.0402 0.0001 2 1.03943e-08 0 0 1
Step 403 0.0403 0.0001 2 3.52734e-08 0 0 1
Step 404 0.0404 0.0001 2 4.96598e-08 0 0 1
Step 405 0.0405 0.0001 2 5.96827e-08 0 0 1
Step 406 0.0406 0.0001 2 1.70662e-08 0 0 1
Step 407 0.0407 0.0001 2 4.51661e-08 0 0 1
Step 408 0.0408 0.0001 2 3.7345e-08 0 0 1
Step 409 0.0409 0.0001 2 2.18097e-08 0 0 1
Step 410 0.041 0.0001 2 3.90467e-08 0 0 1
Step 411 0.0411 0.0001 2 2.81572e-08 0 0 1
Step 412 0.0412 0.0001 2 2.34236e-08 0 0 1
Step 413 0.0413 0.0001 2 5.39575e-08 0 0 1
Step 414 0.0414 0.0001 2 3.84285e-08 0 0 1
Step 415 0.0415 0.0001 2 4.50469e-09 0 0 1
Step 416 0.0416 0.0001 2 2.96337e-08 0 0 1
Step 417 0.0417 0.0001 2 6.72703e-08 0 0 1
Step 418 0.0418 0.0001 2 3.52822e-08 0 0 1
Step 419 0.0419 0.0001 2 1.67729e-09 0 0 1
Step 420 0.042 0.0001 2 4.60315e-08 0 0 1
Step 421 0.0421 0.0001 2 4.75154e-08 0 0 1
Step 422 0.0422 0.0001 2 3.44763e-08 0 0 1
Step 423 0.0423 0.0001 2 2.05814e-08 0 0 1
Step 424 0.0424 0.0001 2 2.39624e-08 0 0 1
Step 425 0.0425 0.0001 2 2.38593e-08 0 0 1
Step 426 0.0426 0.0001 2 4.91947e-08 0 0 1
Step 427 0.0427 0.0001 2 1.60935e-08 0 0 1
Step 428 0.0428 0.0001 2 1.5157e-08 0 0 1
Step 429 0.0429 0.0001 2 3.03079e-08 0 0 1
Step 430 0.043 0.0001 2 3.48453e-08 0 0 1
Step 431 0.0431 0.0001 2 1.09653e-08 0 0 1
Step 432 0.0432 0.0001 2 1.72789e-08 0 0 1
Step 433 0.0433 0.0001 2 2.6546e-08 0 0 1
Step 434 0.0434 0.0001 2 5.63622e-08 0 0 1
Step 435 0.0435 0.0001 2 1.33631e-08 0 0 1
Step 436 0.0436 0.0001 2 2.52929e-08 0 0 1
Step 437 0.0437 0.0001 2 1.37452e-08 0 0 1
Step 438 0.0438 0.0001 2 3.16192e-08 0 0 1
Step 439 0.0439 0.0001 2 5.69927e-08 0 0 1
Step 440 0.044 0.0001 2 2.83695e-08 0 0 1
Step 441 0.0441 0.0001 2 1.98861e-08 0 0 1
Step 442 0.0442 0.0001 2 2.90611e-08 0 0 1
Step 443 0.0443 0.0001 2 1.89872e-08 0 0 1
Step 444 0.0444 0.0001 2 2.99507e-08 0 0 1
Step 445 0.0445 0.0001 2 2.29664e-08 0 0 1
Step 446 0.0446 0.0001 2 4.65018e-08 0 0 1
Step 447 0.0447 0.0001 2 2.39386e-08 0 0 1
Step 448 0.0448 0.0001 2 1.36052e-08 0 0 1
Step 449 0.0449 0.0001 2 2.07771e-08 0 0 1
Step 450 0.045 0.0001 2 1.48044e-08 0 0 1
Step 451 0.0451 0.0001 2 2.46638e-08 0 0 1
Step 452 0.0452 0.0001 2 2.54096e-08 0 0 1
Step 453 0.0453 0.0001 2 1.9944e-08 0 0 1
Step 454 0.0454 0.0001 2 3.47531e-08 0 0 1
Step 455 0.0455 0.0001 2 2.28714e-08 0 0 1
Step 456 0.0456 0.0001 2 1.91584e-08 0 0 1
Step 457 0.0457 0.0001 2 2.46105e-08 0 0 1
Step 458 0.0458 0.0001 2 3.02106e-08 0 0 1
Step 459 0.0459 0.0001 2 2.92333e-08 0 0 1
Step 460 0.046 0.0001 2 4.31294e-08 0 0 1
Step 461 0.0461 0.0001 2 8.03065e-09 0 0 1
Step 462 0.0462 0.0001 2 1.38448e-08 0 0 1
Step 463 0.0463 0.0001 2 2.22716e-08 0 0 1
Step 464 0.0464 0.0001 2 1.40903e-08 0 0 1
Step 465 0.0465 0.0001 2 2.91141e-08 0 0 1
Step 466 0.0466 0.0001 2 2.74525e-08 0 0 1
Step 467 0.0467 0.0001 2 1.79499e-08 0 0 1
Step 468 0.0468 0.0001 2 3.11094e-08 0 0 1
Step 469 0.0469 0.0001 2 5.66375e-09 0 0 1
Step 470 0.047 0.0001 2 8.39367e-09 0 0 1
Step 471 0.0471 0.0001 2 1.29706e-08 0 0 1
Step 472 0.0472 0.0001 2 5.93182e-08 0 0 1
Step 473 0.0473 0.0001 2 2.62292e-08 0 0 1
Step 474 0.0474 0.0001 2 1.89924e-08 0 0 1
Step 475 0.0475 0.0001 2 1.58377e-08 0 0 1
Step 476 0.0476 0.0001 2 5.12304e-09 0 0 1
Step 477 0.0477 0.0001 2 1.64666e-08 0 0 1
Step 478 0.0478 0.0001 2 7.12516e-08 0 0 1
Step 479 0.0479 0.0001 2 1.46002e-08 0 0 1
Step 480 0.048 0.0001 2 2.82838e-08 0 0 1
Step 481 0.0481 0.0001 2 1.12864e-08 0 0 1
Step 482 0.0482 0.0001 2 8.159e-09 0 0 1
Step 483 0.0483 0.0001 2 2.88378e-09 0 0 1
Step 484 0.0484 0.0001 2 2.71473e-08 0 0 1
Step 485 0.0485 0.0001 2 2.5043e-08 0 0 1
Step 486 0.0486 0.0001 2 3.18588e-08 0 0 1
Step 487 0.0487 0.0001 2 1.79336e-08 0 0 1
Step 488 0.0488 0.0001 2 2.44278e-09 0 0 1
Step 489 0.0489 0.0001 2 2.38827e-08 0 0 1
Step 490 0.049 0.0001 2 3.88004e-08 0 0 1
Step 491 0.0491 0.0001 2 4.04037e-08 0 0 1
Step 492 0.0492 0.0001 2 1.55999e-08 0 0 1
Step 493 0.0493 0.0001 2 1.56556e-08 0 0 1
Step 494 0.0494 0.0001 2 2.01124e-08 0 0 1
Step 495 0.0495 0.0001 2 1.95054e-08 0 0 1
Step 496 0.0496 0.0001 2 2.07735e-08 0 0 1
Step 497 0.0497 0.0001 2 2.49089e-08 0 0 1
Step 498 0.0498 0.0001 2 3.76692e-08 0 0 1
Step 499 0.0499 0.0001 2 2.54422e-08 0 0 1
Step 500 0.05 0.0001 2 1.17099e-08 0 0 1
